** Message: 22:46:19.194: environement.vala:58: Exporting primary_variable
** Message: 22:46:19.194: environement.vala:59: desktop_environnement XDG_CURRENT_DESKTOP
** Message: 22:46:19.194: environement.vala:150: confir_dirs is null, export : /etc/xdg
** Message: 22:46:19.194: environement.vala:184: Exporting XDG_CONFIG_DIRS
** Message: 22:46:19.194: environement.vala:218: custom_data :
** Message: 22:46:19.194: environement.vala:219: data_dirs :/usr/share/fkms:/usr/local/share:/usr/share/raspi-ui-overrides:/usr/share:/usr/share/gdm:/var/lib/menu-xdg
** Message: 22:46:19.194: environement.vala:220: data_dirs not null, export : /usr/share/fkms:/usr/local/share:/usr/share/raspi-ui-overrides:/usr/share:/usr/share/gdm:/var/lib/menu-xdg
** Message: 22:46:19.194: environement.vala:225: Exporting XDG_DATA_DIRS
** Message: 22:46:19.194: utils.vala:138: Config system location : /etc/xdg/lxsession/LXDE-pi
** Message: 22:46:19.194: utils.vala:144: System system path location : /etc/xdg/lxsession/LXDE-pi/desktop.conf
** Message: 22:46:19.194: utils.vala:148: Final file used : /etc/xdg/lxsession/LXDE-pi/desktop.conf
** Message: 22:46:19.194: utils.vala:39: Config system location : /etc/xdg/lxsession/LXDE-pi
** Message: 22:46:19.194: utils.vala:45: System system path location : /etc/xdg/lxsession/LXDE-pi/desktop.conf

** (lxsession:825): WARNING **: 22:46:19.195: utils.vala:70: No such file or directory
** Message: 22:46:19.195: settings.vala:540: Key file does not have key ?iGtk/ColorScheme? in group ?GTK?
** Message: 22:46:19.195: settings.vala:540: Key file does not have key ?windows_manager/command? in group ?Session?
** Message: 22:46:19.195: settings.vala:540: Key file does not have key ?panel/command? in group ?Session?
** Message: 22:46:19.195: settings.vala:540: Key file does not have key ?dock/command? in group ?Session?
** Message: 22:46:19.195: settings.vala:540: Key file does not have key ?file_manager/command? in group ?Session?
** Message: 22:46:19.195: settings.vala:540: Key file does not have key ?desktop_manager/command? in group ?Session?
** Message: 22:46:19.195: settings.vala:540: Key file does not have key ?launcher_manager/autostart? in group ?Session?
** Message: 22:46:19.195: settings.vala:540: Key file does not have key ?composite_manager/command? in group ?Session?
** Message: 22:46:19.195: settings.vala:540: Key file does not have key ?im1/command? in group ?Session?
** Message: 22:46:19.195: settings.vala:540: Key file does not have key ?im2/command? in group ?Session?
** Message: 22:46:19.195: settings.vala:540: Key file does not have key ?widget1/command? in group ?Session?
** Message: 22:46:19.195: settings.vala:540: Key file does not have key ?notification/command? in group ?Session?
** Message: 22:46:19.195: settings.vala:540: Key file does not have key ?keybindings/command? in group ?Session?
** Message: 22:46:19.195: settings.vala:540: Key file does not have key ?im_manager/command? in group ?Session?
** Message: 22:46:19.195: settings.vala:540: Key file does not have key ?screensaver/command? in group ?Session?
** Message: 22:46:19.195: settings.vala:540: Key file does not have key ?power_manager/command? in group ?Session?
** Message: 22:46:19.195: settings.vala:540: Key file does not have key ?audio_manager/command? in group ?Session?
** Message: 22:46:19.195: settings.vala:540: Key file does not have key ?workspace_manager/command? in group ?Session?
** Message: 22:46:19.195: settings.vala:540: Key file does not have key ?screenshot_manager/command? in group ?Session?
** Message: 22:46:19.195: settings.vala:540: Key file does not have key ?message_manager/command? in group ?Session?
** Message: 22:46:19.196: settings.vala:540: Key file does not have key ?upgrade_manager/command? in group ?Session?
** Message: 22:46:19.196: settings.vala:540: Key file does not have key ?updates_manager/command? in group ?Session?
** Message: 22:46:19.196: settings.vala:540: Key file does not have key ?updates_manager/timeout? in group ?Session?
** Message: 22:46:19.196: settings.vala:540: Key file does not have key ?crash_manager/command? in group ?Session?
** Message: 22:46:19.196: settings.vala:540: Key file does not have key ?crash_manager/dev_mode? in group ?Session?
** Message: 22:46:19.196: settings.vala:540: Key file does not have key ?crash_manager/timeout? in group ?Session?
** Message: 22:46:19.196: settings.vala:540: Key file does not have key ?upstart_user_session? in group ?Session?
** Message: 22:46:19.196: settings.vala:540: Key file does not have key ?proxy_manager/http? in group ?Session?
** Message: 22:46:19.196: settings.vala:540: Key file does not have key ?a11y/command? in group ?Session?
** Message: 22:46:19.196: settings.vala:540: Key file does not have key ?xrandr/command? in group ?Session?
** Message: 22:46:19.196: settings.vala:540: Key file does not have key ?network_gui/command? in group ?Session?
** Message: 22:46:19.196: settings.vala:540: Key file does not have key ?webbrowser/command? in group ?Session?
** Message: 22:46:19.196: settings.vala:540: Key file does not have key ?email/command? in group ?Session?
** Message: 22:46:19.196: settings.vala:540: Key file does not have key ?pdf_reader/command? in group ?Session?
** Message: 22:46:19.196: settings.vala:540: Key file does not have key ?video_player/command? in group ?Session?
** Message: 22:46:19.196: settings.vala:540: Key file does not have key ?audio_player/command? in group ?Session?
** Message: 22:46:19.196: settings.vala:540: Key file does not have key ?images_display/command? in group ?Session?
** Message: 22:46:19.196: settings.vala:540: Key file does not have key ?text_editor/command? in group ?Session?
** Message: 22:46:19.196: settings.vala:540: Key file does not have key ?archive/command? in group ?Session?
** Message: 22:46:19.196: settings.vala:540: Key file does not have key ?charmap/command? in group ?Session?
** Message: 22:46:19.196: settings.vala:540: Key file does not have key ?calculator/command? in group ?Session?
** Message: 22:46:19.196: settings.vala:540: Key file does not have key ?spreadsheet/command? in group ?Session?
** Message: 22:46:19.196: settings.vala:540: Key file does not have key ?bittorent/command? in group ?Session?
** Message: 22:46:19.196: settings.vala:540: Key file does not have key ?document/command? in group ?Session?
** Message: 22:46:19.196: settings.vala:540: Key file does not have key ?webcam/command? in group ?Session?
** Message: 22:46:19.196: settings.vala:540: Key file does not have key ?burn/command? in group ?Session?
** Message: 22:46:19.196: settings.vala:540: Key file does not have key ?notes/command? in group ?Session?
** Message: 22:46:19.196: settings.vala:540: Key file does not have key ?disk_utility/command? in group ?Session?
** Message: 22:46:19.196: settings.vala:540: Key file does not have key ?tasks/command? in group ?Session?
** Message: 22:46:19.196: settings.vala:540: Key file does not have group ?Keymap?
** Message: 22:46:19.196: settings.vala:540: Key file does not have key ?laptop_mode? in group ?State?
** Message: 22:46:19.196: settings.vala:540: Key file does not have key ?gnome? in group ?Dbus?
** Message: 22:46:19.196: settings.vala:540: Key file does not have key ?type? in group ?Environment?
** Message: 22:46:19.196: settings.vala:540: Key file does not have key ?ubuntu_menuproxy? in group ?Environment?
** Message: 22:46:19.196: settings.vala:540: Key file does not have key ?toolkit_integration? in group ?Environment?
** Message: 22:46:19.197: settings.vala:540: Key file does not have key ?gtk/overlay_scrollbar_disable? in group ?Environment?
** Message: 22:46:19.197: settings.vala:540: Key file does not have key ?qt/force_theme? in group ?Environment?
** Message: 22:46:19.197: settings.vala:540: Key file does not have key ?qt/platform? in group ?Environment?
** Message: 22:46:19.197: settings.vala:462: Monitoring: /etc/xdg/lxsession/LXDE-pi/desktop.conf
** Message: 22:46:19.197: settings.vala:470: Desktop file is not in config home, monitoring creation of it
** Message: 22:46:19.197: settings.vala:485: Monitoring home path: /home/pi/.config/lxsession/LXDE-pi/desktop.conf
** Message: 22:46:19.197: environement.vala:79: Exporting variable
** Message: 22:46:19.197: environement.vala:80: desktop_environnement XDG_CURRENT_DESKTOP
** Message: 22:46:19.197: environement.vala:177: custom_config :
** Message: 22:46:19.197: environement.vala:178: config_dirs :/etc/xdg
** Message: 22:46:19.197: environement.vala:179: confir_dirs not null, export : /etc/xdg
** Message: 22:46:19.197: environement.vala:184: Exporting XDG_CONFIG_DIRS
** Message: 22:46:19.197: environement.vala:218: custom_data :
** Message: 22:46:19.198: environement.vala:219: data_dirs :/usr/share/fkms:/usr/local/share:/usr/share/raspi-ui-overrides:/usr/share:/usr/share/gdm:/var/lib/menu-xdg
** Message: 22:46:19.198: environement.vala:220: data_dirs not null, export : /usr/share/fkms:/usr/local/share:/usr/share/raspi-ui-overrides:/usr/share:/usr/share/gdm:/var/lib/menu-xdg
** Message: 22:46:19.198: environement.vala:225: Exporting XDG_DATA_DIRS
** Message: 22:46:19.198: utils.vala:39: Config system location : /etc/xdg/lxsession/LXDE-pi
** Message: 22:46:19.198: utils.vala:45: System system path location : /etc/xdg/lxsession/LXDE-pi/desktop.conf

** (lxsession:825): WARNING **: 22:46:19.198: utils.vala:70: No such file or directory
** Message: 22:46:19.198: environement.vala:254: No entry in [Environment_variable]. Key file does not have group ?Environment_variable?
** Message: 22:46:19.201: utils.vala:138: Config system location : /etc/xdg/lxsession/LXDE-pi
** Message: 22:46:19.201: utils.vala:144: System system path location : /etc/xdg/lxsession/LXDE-pi/conffiles.conf
** Message: 22:46:19.201: utils.vala:148: Final file used : /etc/xdg/lxsession/LXDE-pi/conffiles.conf
** Message: 22:46:19.201: options.vala:164: Activate xsettings_manager build-in
** Message: 22:46:19.201: utils.vala:39: Config system location : /etc/xdg/lxsession/LXDE-pi
** Message: 22:46:19.201: utils.vala:45: System system path location : /etc/xdg/lxsession/LXDE-pi/desktop.conf

** (lxsession:825): WARNING **: 22:46:19.201: utils.vala:70: No such file or directory
xprop:  no such property "_NET_NUMBER_OF_DESKTOPS"
xprop:  no such property "_NET_DESKTOP_NAMES"
** Message: 22:46:19.221: app.vala:721: polkit separate
** Message: 22:46:19.221: app.vala:721: polkit separate
** Message: 22:46:19.228: app.vala:76: Launching lxpolkit 
** Message: 22:46:19.228: utils.vala:138: Config system location : /etc/xdg/lxsession/LXDE-pi
** Message: 22:46:19.228: utils.vala:144: System system path location : /etc/xdg/lxsession/LXDE-pi/autostart
** Message: 22:46:19.228: utils.vala:148: Final file used : /etc/xdg/lxsession/LXDE-pi/autostart
** Message: 22:46:19.228: autostart.vala:42: Autostart path : /etc/xdg/lxsession/LXDE-pi/autostart
** Message: 22:46:19.235: app.vala:76: Launching lxpanel 
** Message: 22:46:19.255: app.vala:76: Launching pcmanfm 

** (lxsession:825): WARNING **: 22:46:19.264: app.vala:86: Failed to execute child process ?xscreensaver? (No such file or directory)

** (lxsession:825): WARNING **: 22:46:19.264: app.vala:87: Error when launching xscreensaver
** Message: 22:46:19.280: options.vala:107: Create build-in Clipboard
** Message: 22:46:19.281: main.vala:441: Check keymap_mode (null)
** Message: 22:46:19.290: app.vala:76: Launching /usr/bin/ssh-agent 
SSH_AUTH_SOCK=/tmp/ssh-MDc6TYfqJMGr/agent.904; export SSH_AUTH_SOCK;
SSH_AGENT_PID=909; export SSH_AGENT_PID;
echo Agent pid 909;
** Message: 22:46:19.333: app.vala:130: /usr/bin/ssh-agent exit with this type of exit: 0
grep: /proc/device-tree/model: No such file or directory
** Message: 22:46:19.395: x-terminal-emulator has very limited support, consider choose another terminal
crtc 0:    1920x1200  59.88 +0+0 "Virtual1"
** Message: 22:46:19.424: x-terminal-emulator has very limited support, consider choose another terminal
grep: /home/pi/.config/lxpanel/LXDE-pi/panels/*: No such file or directory
Openbox-Message: Unable to find a valid menu file "/usr/share/lxde/openbox/menu.xml"
** Message: 22:46:19.959: Connecting ...
** Message: 22:46:19.959: Status changed to down

(lxpanel:895): GLib-GObject-WARNING **: 22:46:20.093: invalid (NULL) pointer instance

(lxpanel:895): GLib-GObject-CRITICAL **: 22:46:20.093: g_signal_handler_disconnect: assertion 'G_TYPE_CHECK_INSTANCE (instance)' failed

(lxpanel:895): GLib-GObject-CRITICAL **: 22:46:20.093: g_object_unref: assertion 'G_IS_OBJECT (object)' failed
** Message: 22:46:20.961: Status changed to opened
** Message: 22:46:20.961: Connected to dhcpcd-8.1.2
** Message: 22:46:20.962: Status changed to connecting
** Message: 22:46:20.962: eth0: Link is up, configuring
** Message: 22:46:22.665: eth0: Configured 10.0.2.15/24
** Message: 22:46:22.665: Status changed to connected
[1677:36:0211/225302.932324:ERROR:child_process_sandbox_support_impl_linux.cc(79)] FontService unique font name matching request did not receive a response.
[1677:36:0211/225302.933774:ERROR:child_process_sandbox_support_impl_linux.cc(79)] FontService unique font name matching request did not receive a response.
[1677:36:0211/225302.943370:ERROR:child_process_sandbox_support_impl_linux.cc(79)] FontService unique font name matching request did not receive a response.
[1677:36:0211/225302.944785:ERROR:child_process_sandbox_support_impl_linux.cc(79)] FontService unique font name matching request did not receive a response.
